<?xml version="1.0" encoding="UTF-8"?>
<coverage generated="1719207308740" clover="3.2.0">
  <project timestamp="1719207308740" name="All files">
    <metrics statements="8" coveredstatements="8" conditionals="0" coveredconditionals="0" methods="4" coveredmethods="4" elements="12" coveredelements="12" complexity="0" loc="8" ncloc="8" packages="2" files="5" classes="5"/>
    <package name="assets">
      <metrics statements="1" coveredstatements="1" conditionals="0" coveredconditionals="0" methods="0" coveredmethods="0"/>
      <file name="sunny.svg" path="C:\Users\gusta\Documents\GitHub\weathervue\src\assets\sunny.svg">
        <metrics statements="1" coveredstatements="1" conditionals="0" coveredconditionals="0" methods="0" coveredmethods="0"/>
        <line num="1" count="1" type="stmt"/>
      </file>
    </package>
    <package name="components">
      <metrics statements="7" coveredstatements="7" conditionals="0" coveredconditionals="0" methods="4" coveredmethods="4"/>
      <file name="CityCard.vue" path="C:\Users\gusta\Documents\GitHub\weathervue\src\components\CityCard.vue">
        <metrics statements="2" coveredstatements="2" conditionals="0" coveredconditionals="0" methods="1" coveredmethods="1"/>
        <line num="1" count="9" type="stmt"/>
        <line num="34" count="1" type="stmt"/>
      </file>
      <file name="MainTitle.vue" path="C:\Users\gusta\Documents\GitHub\weathervue\src\components\MainTitle.vue">
        <metrics statements="2" coveredstatements="2" conditionals="0" coveredconditionals="0" methods="1" coveredmethods="1"/>
        <line num="1" count="6" type="stmt"/>
        <line num="6" count="1" type="stmt"/>
      </file>
      <file name="SubTitle.vue" path="C:\Users\gusta\Documents\GitHub\weathervue\src\components\SubTitle.vue">
        <metrics statements="2" coveredstatements="2" conditionals="0" coveredconditionals="0" methods="1" coveredmethods="1"/>
        <line num="1" count="6" type="stmt"/>
        <line num="6" count="1" type="stmt"/>
      </file>
      <file name="WeatherChart.vue" path="C:\Users\gusta\Documents\GitHub\weathervue\src\components\WeatherChart.vue">
        <metrics statements="1" coveredstatements="1" conditionals="0" coveredconditionals="0" methods="1" coveredmethods="1"/>
        <line num="1" count="6" type="stmt"/>
      </file>
    </package>
  </project>
</coverage>
