{"C:\\Users\\gusta\\Documents\\GitHub\\weathervue\\src\\assets\\sunny.svg": {"path":"C:\\Users\\gusta\\Documents\\GitHub\\weathervue\\src\\assets\\sunny.svg","statementMap":{"0":{"start":{"line":1,"column":0},"end":{"line":1,"column":19}}},"fnMap":{},"branchMap":{},"s":{"0":1},"f":{},"b":{},"_coverageSchema":"1a1c01bbd47fc00a2c39e90264f33305004495a9","hash":"0161d8cf5769c52d74c6e30a3dc38150c4ae3bc3"}
,"C:\\Users\\gusta\\Documents\\GitHub\\weathervue\\src\\components\\CityCard.vue": {"path":"C:\\Users\\gusta\\Documents\\GitHub\\weathervue\\src\\components\\CityCard.vue","statementMap":{"0":{"start":{"line":34,"column":0},"end":{"line":34,"column":null}},"1":{"start":{"line":1,"column":0},"end":{"line":1,"column":null}}},"fnMap":{"0":{"name":"(anonymous_4)","decl":{"start":{"line":1,"column":0},"end":{"line":1,"column":null}},"loc":{"start":{"line":1,"column":0},"end":{"line":1,"column":null}}}},"branchMap":{},"s":{"0":1,"1":9},"f":{"0":2},"b":{}}
,"C:\\Users\\gusta\\Documents\\GitHub\\weathervue\\src\\components\\MainTitle.vue": {"path":"C:\\Users\\gusta\\Documents\\GitHub\\weathervue\\src\\components\\MainTitle.vue","statementMap":{"0":{"start":{"line":6,"column":0},"end":{"line":6,"column":null}},"1":{"start":{"line":1,"column":0},"end":{"line":1,"column":null}}},"fnMap":{"0":{"name":"(anonymous_1)","decl":{"start":{"line":1,"column":0},"end":{"line":1,"column":null}},"loc":{"start":{"line":1,"column":0},"end":{"line":1,"column":null}}}},"branchMap":{},"s":{"0":1,"1":6},"f":{"0":1},"b":{}}
,"C:\\Users\\gusta\\Documents\\GitHub\\weathervue\\src\\components\\SubTitle.vue": {"path":"C:\\Users\\gusta\\Documents\\GitHub\\weathervue\\src\\components\\SubTitle.vue","statementMap":{"0":{"start":{"line":6,"column":0},"end":{"line":6,"column":null}},"1":{"start":{"line":1,"column":0},"end":{"line":1,"column":null}}},"fnMap":{"0":{"name":"(anonymous_1)","decl":{"start":{"line":1,"column":0},"end":{"line":1,"column":null}},"loc":{"start":{"line":1,"column":0},"end":{"line":1,"column":null}}}},"branchMap":{},"s":{"0":1,"1":6},"f":{"0":1},"b":{}}
,"C:\\Users\\gusta\\Documents\\GitHub\\weathervue\\src\\components\\WeatherChart.vue": {"path":"C:\\Users\\gusta\\Documents\\GitHub\\weathervue\\src\\components\\WeatherChart.vue","statementMap":{"0":{"start":{"line":1,"column":0},"end":{"line":1,"column":null}}},"fnMap":{"0":{"name":"(anonymous_0)","decl":{"start":{"line":1,"column":0},"end":{"line":1,"column":null}},"loc":{"start":{"line":1,"column":0},"end":{"line":1,"column":null}}}},"branchMap":{},"s":{"0":6},"f":{"0":1},"b":{}}
}
